  main.cpp
  ofApp.cpp
  ofxSlider.cpp
  ofxLabel.cpp
c:\users\vantan\desktop\of_v0.9.7_vs_release\of_v0.9.7_vs_release\libs\openframeworks\types\ofTypes.h : warning C4819: ファイルは、現在のコード ページ (932) で表示できない文字を含んでいます。データの損失を防ぐために、ファイルを Unicode 形式で保存してください。 (ソース ファイルをコンパイルしています ..\..\..\addons\ofxGui\src\ofxSlider.cpp)
c:\users\vantan\desktop\of_v0.9.7_vs_release\of_v0.9.7_vs_release\libs\openframeworks\types\ofColor.h : warning C4819: ファイルは、現在のコード ページ (932) で表示できない文字を含んでいます。データの損失を防ぐために、ファイルを Unicode 形式で保存してください。 (ソース ファイルをコンパイルしています ..\..\..\addons\ofxGui\src\ofxSlider.cpp)
c:\users\vantan\desktop\of_v0.9.7_vs_release\of_v0.9.7_vs_release\libs\openframeworks\math\ofVec3f.h : warning C4819: ファイルは、現在のコード ページ (932) で表示できない文字を含んでいます。データの損失を防ぐために、ファイルを Unicode 形式で保存してください。 (ソース ファイルをコンパイルしています ..\..\..\addons\ofxGui\src\ofxSlider.cpp)
c:\users\vantan\desktop\of_v0.9.7_vs_release\of_v0.9.7_vs_release\libs\openframeworks\math\ofVec2f.h : warning C4819: ファイルは、現在のコード ページ (932) で表示できない文字を含んでいます。データの損失を防ぐために、ファイルを Unicode 形式で保存してください。 (ソース ファイルをコンパイルしています ..\..\..\addons\ofxGui\src\ofxSlider.cpp)
c:\users\vantan\desktop\of_v0.9.7_vs_release\of_v0.9.7_vs_release\libs\openframeworks\types\ofTypes.h : warning C4819: ファイルは、現在のコード ページ (932) で表示できない文字を含んでいます。データの損失を防ぐために、ファイルを Unicode 形式で保存してください。 (ソース ファイルをコンパイルしています ..\..\..\addons\ofxGui\src\ofxLabel.cpp)
c:\users\vantan\desktop\of_v0.9.7_vs_release\of_v0.9.7_vs_release\libs\openframeworks\types\ofColor.h : warning C4819: ファイルは、現在のコード ページ (932) で表示できない文字を含んでいます。データの損失を防ぐために、ファイルを Unicode 形式で保存してください。 (ソース ファイルをコンパイルしています ..\..\..\addons\ofxGui\src\ofxLabel.cpp)
c:\users\vantan\desktop\of_v0.9.7_vs_release\of_v0.9.7_vs_release\libs\openframeworks\math\ofVec3f.h : warning C4819: ファイルは、現在のコード ページ (932) で表示できない文字を含んでいます。データの損失を防ぐために、ファイルを Unicode 形式で保存してください。 (ソース ファイルをコンパイルしています ..\..\..\addons\ofxGui\src\ofxLabel.cpp)
c:\users\vantan\desktop\of_v0.9.7_vs_release\of_v0.9.7_vs_release\libs\openframeworks\math\ofVec2f.h : warning C4819: ファイルは、現在のコード ページ (932) で表示できない文字を含んでいます。データの損失を防ぐために、ファイルを Unicode 形式で保存してください。 (ソース ファイルをコンパイルしています ..\..\..\addons\ofxGui\src\ofxLabel.cpp)
c:\users\vantan\desktop\of_v0.9.7_vs_release\of_v0.9.7_vs_release\libs\openframeworks\types\ofColor.h(778): warning C4819: ファイルは、現在のコード ページ (932) で表示できない文字を含んでいます。データの損失を防ぐために、ファイルを Unicode 形式で保存してください。 (ソース ファイルをコンパイルしています ..\..\..\addons\ofxGui\src\ofxSlider.cpp)
c:\users\vantan\desktop\of_v0.9.7_vs_release\of_v0.9.7_vs_release\libs\openframeworks\types\ofColor.h(778): warning C4819: ファイルは、現在のコード ページ (932) で表示できない文字を含んでいます。データの損失を防ぐために、ファイルを Unicode 形式で保存してください。 (ソース ファイルをコンパイルしています ..\..\..\addons\ofxGui\src\ofxLabel.cpp)
C:\Users\vantan\Desktop\of_v0.9.7_vs_release\of_v0.9.7_vs_release\libs\openFrameworks\utils\ofLog.h : warning C4819: ファイルは、現在のコード ページ (932) で表示できない文字を含んでいます。データの損失を防ぐために、ファイルを Unicode 形式で保存してください。 (ソース ファイルをコンパイルしています ..\..\..\addons\ofxGui\src\ofxLabel.cpp)
C:\Users\vantan\Desktop\of_v0.9.7_vs_release\of_v0.9.7_vs_release\libs\openFrameworks\utils\ofLog.h : warning C4819: ファイルは、現在のコード ページ (932) で表示できない文字を含んでいます。データの損失を防ぐために、ファイルを Unicode 形式で保存してください。 (ソース ファイルをコンパイルしています ..\..\..\addons\ofxGui\src\ofxSlider.cpp)
C:\Users\vantan\Desktop\of_v0.9.7_vs_release\of_v0.9.7_vs_release\libs\openFrameworks\utils\ofLog.h : warning C4819: ファイルは、現在のコード ページ (932) で表示できない文字を含んでいます。データの損失を防ぐために、ファイルを Unicode 形式で保存してください。 (ソース ファイルをコンパイルしています src\ofApp.cpp)
C:\Users\vantan\Desktop\of_v0.9.7_vs_release\of_v0.9.7_vs_release\libs\openFrameworks\types\ofTypes.h : warning C4819: ファイルは、現在のコード ページ (932) で表示できない文字を含んでいます。データの損失を防ぐために、ファイルを Unicode 形式で保存してください。 (ソース ファイルをコンパイルしています src\ofApp.cpp)
c:\users\vantan\desktop\of_v0.9.7_vs_release\of_v0.9.7_vs_release\libs\openframeworks\types\ofColor.h : warning C4819: ファイルは、現在のコード ページ (932) で表示できない文字を含んでいます。データの損失を防ぐために、ファイルを Unicode 形式で保存してください。 (ソース ファイルをコンパイルしています src\ofApp.cpp)
c:\users\vantan\desktop\of_v0.9.7_vs_release\of_v0.9.7_vs_release\libs\openframeworks\math\ofVec3f.h : warning C4819: ファイルは、現在のコード ページ (932) で表示できない文字を含んでいます。データの損失を防ぐために、ファイルを Unicode 形式で保存してください。 (ソース ファイルをコンパイルしています src\ofApp.cpp)
c:\users\vantan\desktop\of_v0.9.7_vs_release\of_v0.9.7_vs_release\libs\openframeworks\math\ofVec2f.h : warning C4819: ファイルは、現在のコード ページ (932) で表示できない文字を含んでいます。データの損失を防ぐために、ファイルを Unicode 形式で保存してください。 (ソース ファイルをコンパイルしています src\ofApp.cpp)
C:\Users\vantan\Desktop\of_v0.9.7_vs_release\of_v0.9.7_vs_release\libs\openFrameworks\utils\ofLog.h : warning C4819: ファイルは、現在のコード ページ (932) で表示できない文字を含んでいます。データの損失を防ぐために、ファイルを Unicode 形式で保存してください。 (ソース ファイルをコンパイルしています src\main.cpp)
C:\Users\vantan\Desktop\of_v0.9.7_vs_release\of_v0.9.7_vs_release\libs\openFrameworks\types\ofTypes.h : warning C4819: ファイルは、現在のコード ページ (932) で表示できない文字を含んでいます。データの損失を防ぐために、ファイルを Unicode 形式で保存してください。 (ソース ファイルをコンパイルしています src\main.cpp)
c:\users\vantan\desktop\of_v0.9.7_vs_release\of_v0.9.7_vs_release\libs\openframeworks\types\ofColor.h : warning C4819: ファイルは、現在のコード ページ (932) で表示できない文字を含んでいます。データの損失を防ぐために、ファイルを Unicode 形式で保存してください。 (ソース ファイルをコンパイルしています src\main.cpp)
c:\users\vantan\desktop\of_v0.9.7_vs_release\of_v0.9.7_vs_release\libs\openframeworks\math\ofVec3f.h : warning C4819: ファイルは、現在のコード ページ (932) で表示できない文字を含んでいます。データの損失を防ぐために、ファイルを Unicode 形式で保存してください。 (ソース ファイルをコンパイルしています src\main.cpp)
c:\users\vantan\desktop\of_v0.9.7_vs_release\of_v0.9.7_vs_release\libs\openframeworks\math\ofVec2f.h : warning C4819: ファイルは、現在のコード ページ (932) で表示できない文字を含んでいます。データの損失を防ぐために、ファイルを Unicode 形式で保存してください。 (ソース ファイルをコンパイルしています src\main.cpp)
c:\users\vantan\desktop\of_v0.9.7_vs_release\of_v0.9.7_vs_release\libs\openframeworks\types\ofColor.h(778): warning C4819: ファイルは、現在のコード ページ (932) で表示できない文字を含んでいます。データの損失を防ぐために、ファイルを Unicode 形式で保存してください。 (ソース ファイルをコンパイルしています src\ofApp.cpp)
c:\users\vantan\desktop\of_v0.9.7_vs_release\of_v0.9.7_vs_release\libs\openframeworks\types\ofColor.h(778): warning C4819: ファイルは、現在のコード ページ (932) で表示できない文字を含んでいます。データの損失を防ぐために、ファイルを Unicode 形式で保存してください。 (ソース ファイルをコンパイルしています src\main.cpp)
C:\Users\vantan\Desktop\of_v0.9.7_vs_release\of_v0.9.7_vs_release\libs\openFrameworks\3d\ofMesh.h : warning C4819: ファイルは、現在のコード ページ (932) で表示できない文字を含んでいます。データの損失を防ぐために、ファイルを Unicode 形式で保存してください。 (ソース ファイルをコンパイルしています ..\..\..\addons\ofxGui\src\ofxLabel.cpp)
C:\Users\vantan\Desktop\of_v0.9.7_vs_release\of_v0.9.7_vs_release\libs\openFrameworks\3d\ofMesh.h : warning C4819: ファイルは、現在のコード ページ (932) で表示できない文字を含んでいます。データの損失を防ぐために、ファイルを Unicode 形式で保存してください。 (ソース ファイルをコンパイルしています ..\..\..\addons\ofxGui\src\ofxSlider.cpp)
C:\Users\vantan\Desktop\of_v0.9.7_vs_release\of_v0.9.7_vs_release\libs\openFrameworks\3d\ofMesh.h : warning C4819: ファイルは、現在のコード ページ (932) で表示できない文字を含んでいます。データの損失を防ぐために、ファイルを Unicode 形式で保存してください。 (ソース ファイルをコンパイルしています src\ofApp.cpp)
C:\Users\vantan\Desktop\of_v0.9.7_vs_release\of_v0.9.7_vs_release\libs\openFrameworks\3d\ofMesh.h : warning C4819: ファイルは、現在のコード ページ (932) で表示できない文字を含んでいます。データの損失を防ぐために、ファイルを Unicode 形式で保存してください。 (ソース ファイルをコンパイルしています src\main.cpp)
c:\users\vantan\desktop\of_v0.9.7_vs_release\of_v0.9.7_vs_release\libs\openframeworks\graphics\ofPath.h : warning C4819: ファイルは、現在のコード ページ (932) で表示できない文字を含んでいます。データの損失を防ぐために、ファイルを Unicode 形式で保存してください。 (ソース ファイルをコンパイルしています ..\..\..\addons\ofxGui\src\ofxLabel.cpp)
c:\users\vantan\desktop\of_v0.9.7_vs_release\of_v0.9.7_vs_release\libs\openframeworks\graphics\ofPolyline.h : warning C4819: ファイルは、現在のコード ページ (932) で表示できない文字を含んでいます。データの損失を防ぐために、ファイルを Unicode 形式で保存してください。 (ソース ファイルをコンパイルしています ..\..\..\addons\ofxGui\src\ofxLabel.cpp)
c:\users\vantan\desktop\of_v0.9.7_vs_release\of_v0.9.7_vs_release\libs\openframeworks\graphics\ofPath.h : warning C4819: ファイルは、現在のコード ページ (932) で表示できない文字を含んでいます。データの損失を防ぐために、ファイルを Unicode 形式で保存してください。 (ソース ファイルをコンパイルしています ..\..\..\addons\ofxGui\src\ofxSlider.cpp)
c:\users\vantan\desktop\of_v0.9.7_vs_release\of_v0.9.7_vs_release\libs\openframeworks\graphics\ofPolyline.h : warning C4819: ファイルは、現在のコード ページ (932) で表示できない文字を含んでいます。データの損失を防ぐために、ファイルを Unicode 形式で保存してください。 (ソース ファイルをコンパイルしています ..\..\..\addons\ofxGui\src\ofxSlider.cpp)
C:\Users\vantan\Desktop\of_v0.9.7_vs_release\of_v0.9.7_vs_release\libs\openFrameworks\graphics\ofPolyline.h : warning C4819: ファイルは、現在のコード ページ (932) で表示できない文字を含んでいます。データの損失を防ぐために、ファイルを Unicode 形式で保存してください。 (ソース ファイルをコンパイルしています src\ofApp.cpp)
C:\Users\vantan\Desktop\of_v0.9.7_vs_release\of_v0.9.7_vs_release\libs\openFrameworks\graphics\ofPolyline.h : warning C4819: ファイルは、現在のコード ページ (932) で表示できない文字を含んでいます。データの損失を防ぐために、ファイルを Unicode 形式で保存してください。 (ソース ファイルをコンパイルしています src\main.cpp)
C:\Users\vantan\Desktop\of_v0.9.7_vs_release\of_v0.9.7_vs_release\libs\openFrameworks\graphics\ofPath.h : warning C4819: ファイルは、現在のコード ページ (932) で表示できない文字を含んでいます。データの損失を防ぐために、ファイルを Unicode 形式で保存してください。 (ソース ファイルをコンパイルしています src\main.cpp)
C:\Users\vantan\Desktop\of_v0.9.7_vs_release\of_v0.9.7_vs_release\libs\openFrameworks\graphics\ofPath.h : warning C4819: ファイルは、現在のコード ページ (932) で表示できない文字を含んでいます。データの損失を防ぐために、ファイルを Unicode 形式で保存してください。 (ソース ファイルをコンパイルしています src\ofApp.cpp)
C:\Users\vantan\Desktop\of_v0.9.7_vs_release\of_v0.9.7_vs_release\libs\openFrameworks\3d\ofCamera.h : warning C4819: ファイルは、現在のコード ページ (932) で表示できない文字を含んでいます。データの損失を防ぐために、ファイルを Unicode 形式で保存してください。 (ソース ファイルをコンパイルしています src\main.cpp)
C:\Users\vantan\Desktop\of_v0.9.7_vs_release\of_v0.9.7_vs_release\libs\openFrameworks\3d\ofCamera.h : warning C4819: ファイルは、現在のコード ページ (932) で表示できない文字を含んでいます。データの損失を防ぐために、ファイルを Unicode 形式で保存してください。 (ソース ファイルをコンパイルしています src\ofApp.cpp)
C:\Users\vantan\Desktop\of_v0.9.7_vs_release\of_v0.9.7_vs_release\libs\openFrameworks\3d\ofEasyCam.h : warning C4819: ファイルは、現在のコード ページ (932) で表示できない文字を含んでいます。データの損失を防ぐために、ファイルを Unicode 形式で保存してください。 (ソース ファイルをコンパイルしています src\main.cpp)
C:\Users\vantan\Desktop\of_v0.9.7_vs_release\of_v0.9.7_vs_release\libs\openFrameworks\3d\ofEasyCam.h : warning C4819: ファイルは、現在のコード ページ (932) で表示できない文字を含んでいます。データの損失を防ぐために、ファイルを Unicode 形式で保存してください。 (ソース ファイルをコンパイルしています src\ofApp.cpp)
  ofxGuiGroup.cpp
c:\users\vantan\desktop\of_v0.9.7_vs_release\of_v0.9.7_vs_release\libs\openframeworks\types\ofTypes.h : warning C4819: ファイルは、現在のコード ページ (932) で表示できない文字を含んでいます。データの損失を防ぐために、ファイルを Unicode 形式で保存してください。 (ソース ファイルをコンパイルしています ..\..\..\addons\ofxGui\src\ofxGuiGroup.cpp)
c:\users\vantan\desktop\of_v0.9.7_vs_release\of_v0.9.7_vs_release\libs\openframeworks\types\ofColor.h : warning C4819: ファイルは、現在のコード ページ (932) で表示できない文字を含んでいます。データの損失を防ぐために、ファイルを Unicode 形式で保存してください。 (ソース ファイルをコンパイルしています ..\..\..\addons\ofxGui\src\ofxGuiGroup.cpp)
c:\users\vantan\desktop\of_v0.9.7_vs_release\of_v0.9.7_vs_release\libs\openframeworks\math\ofVec3f.h : warning C4819: ファイルは、現在のコード ページ (932) で表示できない文字を含んでいます。データの損失を防ぐために、ファイルを Unicode 形式で保存してください。 (ソース ファイルをコンパイルしています ..\..\..\addons\ofxGui\src\ofxGuiGroup.cpp)
c:\users\vantan\desktop\of_v0.9.7_vs_release\of_v0.9.7_vs_release\libs\openframeworks\math\ofVec2f.h : warning C4819: ファイルは、現在のコード ページ (932) で表示できない文字を含んでいます。データの損失を防ぐために、ファイルを Unicode 形式で保存してください。 (ソース ファイルをコンパイルしています ..\..\..\addons\ofxGui\src\ofxGuiGroup.cpp)
c:\users\vantan\desktop\of_v0.9.7_vs_release\of_v0.9.7_vs_release\libs\openframeworks\types\ofColor.h(778): warning C4819: ファイルは、現在のコード ページ (932) で表示できない文字を含んでいます。データの損失を防ぐために、ファイルを Unicode 形式で保存してください。 (ソース ファイルをコンパイルしています ..\..\..\addons\ofxGui\src\ofxGuiGroup.cpp)
C:\Users\vantan\Desktop\of_v0.9.7_vs_release\of_v0.9.7_vs_release\libs\openFrameworks\utils\ofLog.h : warning C4819: ファイルは、現在のコード ページ (932) で表示できない文字を含んでいます。データの損失を防ぐために、ファイルを Unicode 形式で保存してください。 (ソース ファイルをコンパイルしています ..\..\..\addons\ofxGui\src\ofxGuiGroup.cpp)
C:\Users\vantan\Desktop\of_v0.9.7_vs_release\of_v0.9.7_vs_release\libs\openFrameworks\3d\ofMesh.h : warning C4819: ファイルは、現在のコード ページ (932) で表示できない文字を含んでいます。データの損失を防ぐために、ファイルを Unicode 形式で保存してください。 (ソース ファイルをコンパイルしています ..\..\..\addons\ofxGui\src\ofxGuiGroup.cpp)
  ofxToggle.cpp
c:\users\vantan\desktop\of_v0.9.7_vs_release\of_v0.9.7_vs_release\libs\openframeworks\graphics\ofPath.h : warning C4819: ファイルは、現在のコード ページ (932) で表示できない文字を含んでいます。データの損失を防ぐために、ファイルを Unicode 形式で保存してください。 (ソース ファイルをコンパイルしています ..\..\..\addons\ofxGui\src\ofxGuiGroup.cpp)
c:\users\vantan\desktop\of_v0.9.7_vs_release\of_v0.9.7_vs_release\libs\openframeworks\graphics\ofPolyline.h : warning C4819: ファイルは、現在のコード ページ (932) で表示できない文字を含んでいます。データの損失を防ぐために、ファイルを Unicode 形式で保存してください。 (ソース ファイルをコンパイルしています ..\..\..\addons\ofxGui\src\ofxGuiGroup.cpp)
  ofxSliderGroup.cpp
  ofxButton.cpp
C:\Users\vantan\Desktop\of_v0.9.7_vs_release\of_v0.9.7_vs_release\libs\openFrameworks\math\ofVec3f.h : warning C4819: ファイルは、現在のコード ページ (932) で表示できない文字を含んでいます。データの損失を防ぐために、ファイルを Unicode 形式で保存してください。 (ソース ファイルをコンパイルしています ..\..\..\addons\ofxGui\src\ofxToggle.cpp)
c:\users\vantan\desktop\of_v0.9.7_vs_release\of_v0.9.7_vs_release\libs\openframeworks\math\ofVec2f.h : warning C4819: ファイルは、現在のコード ページ (932) で表示できない文字を含んでいます。データの損失を防ぐために、ファイルを Unicode 形式で保存してください。 (ソース ファイルをコンパイルしています ..\..\..\addons\ofxGui\src\ofxToggle.cpp)
c:\users\vantan\desktop\of_v0.9.7_vs_release\of_v0.9.7_vs_release\libs\openframeworks\types\ofTypes.h : warning C4819: ファイルは、現在のコード ページ (932) で表示できない文字を含んでいます。データの損失を防ぐために、ファイルを Unicode 形式で保存してください。 (ソース ファイルをコンパイルしています ..\..\..\addons\ofxGui\src\ofxSliderGroup.cpp)
c:\users\vantan\desktop\of_v0.9.7_vs_release\of_v0.9.7_vs_release\libs\openframeworks\types\ofColor.h : warning C4819: ファイルは、現在のコード ページ (932) で表示できない文字を含んでいます。データの損失を防ぐために、ファイルを Unicode 形式で保存してください。 (ソース ファイルをコンパイルしています ..\..\..\addons\ofxGui\src\ofxSliderGroup.cpp)
c:\users\vantan\desktop\of_v0.9.7_vs_release\of_v0.9.7_vs_release\libs\openframeworks\math\ofVec3f.h : warning C4819: ファイルは、現在のコード ページ (932) で表示できない文字を含んでいます。データの損失を防ぐために、ファイルを Unicode 形式で保存してください。 (ソース ファイルをコンパイルしています ..\..\..\addons\ofxGui\src\ofxSliderGroup.cpp)
c:\users\vantan\desktop\of_v0.9.7_vs_release\of_v0.9.7_vs_release\libs\openframeworks\math\ofVec2f.h : warning C4819: ファイルは、現在のコード ページ (932) で表示できない文字を含んでいます。データの損失を防ぐために、ファイルを Unicode 形式で保存してください。 (ソース ファイルをコンパイルしています ..\..\..\addons\ofxGui\src\ofxSliderGroup.cpp)
C:\Users\vantan\Desktop\of_v0.9.7_vs_release\of_v0.9.7_vs_release\libs\openFrameworks\math\ofVec3f.h : warning C4819: ファイルは、現在のコード ページ (932) で表示できない文字を含んでいます。データの損失を防ぐために、ファイルを Unicode 形式で保存してください。 (ソース ファイルをコンパイルしています ..\..\..\addons\ofxGui\src\ofxButton.cpp)
c:\users\vantan\desktop\of_v0.9.7_vs_release\of_v0.9.7_vs_release\libs\openframeworks\math\ofVec2f.h : warning C4819: ファイルは、現在のコード ページ (932) で表示できない文字を含んでいます。データの損失を防ぐために、ファイルを Unicode 形式で保存してください。 (ソース ファイルをコンパイルしています ..\..\..\addons\ofxGui\src\ofxButton.cpp)
c:\users\vantan\desktop\of_v0.9.7_vs_release\of_v0.9.7_vs_release\libs\openframeworks\types\ofColor.h(778): warning C4819: ファイルは、現在のコード ページ (932) で表示できない文字を含んでいます。データの損失を防ぐために、ファイルを Unicode 形式で保存してください。 (ソース ファイルをコンパイルしています ..\..\..\addons\ofxGui\src\ofxSliderGroup.cpp)
c:\users\vantan\desktop\of_v0.9.7_vs_release\of_v0.9.7_vs_release\libs\openframeworks\types\ofTypes.h : warning C4819: ファイルは、現在のコード ページ (932) で表示できない文字を含んでいます。データの損失を防ぐために、ファイルを Unicode 形式で保存してください。 (ソース ファイルをコンパイルしています ..\..\..\addons\ofxGui\src\ofxToggle.cpp)
c:\users\vantan\desktop\of_v0.9.7_vs_release\of_v0.9.7_vs_release\libs\openframeworks\types\ofColor.h : warning C4819: ファイルは、現在のコード ページ (932) で表示できない文字を含んでいます。データの損失を防ぐために、ファイルを Unicode 形式で保存してください。 (ソース ファイルをコンパイルしています ..\..\..\addons\ofxGui\src\ofxToggle.cpp)
c:\users\vantan\desktop\of_v0.9.7_vs_release\of_v0.9.7_vs_release\libs\openframeworks\types\ofColor.h(778): warning C4819: ファイルは、現在のコード ページ (932) で表示できない文字を含んでいます。データの損失を防ぐために、ファイルを Unicode 形式で保存してください。 (ソース ファイルをコンパイルしています ..\..\..\addons\ofxGui\src\ofxToggle.cpp)
c:\users\vantan\desktop\of_v0.9.7_vs_release\of_v0.9.7_vs_release\libs\openframeworks\utils\ofLog.h : warning C4819: ファイルは、現在のコード ページ (932) で表示できない文字を含んでいます。データの損失を防ぐために、ファイルを Unicode 形式で保存してください。 (ソース ファイルをコンパイルしています ..\..\..\addons\ofxGui\src\ofxToggle.cpp)
C:\Users\vantan\Desktop\of_v0.9.7_vs_release\of_v0.9.7_vs_release\libs\openFrameworks\utils\ofLog.h : warning C4819: ファイルは、現在のコード ページ (932) で表示できない文字を含んでいます。データの損失を防ぐために、ファイルを Unicode 形式で保存してください。 (ソース ファイルをコンパイルしています ..\..\..\addons\ofxGui\src\ofxSliderGroup.cpp)
c:\users\vantan\desktop\of_v0.9.7_vs_release\of_v0.9.7_vs_release\libs\openframeworks\types\ofTypes.h : warning C4819: ファイルは、現在のコード ページ (932) で表示できない文字を含んでいます。データの損失を防ぐために、ファイルを Unicode 形式で保存してください。 (ソース ファイルをコンパイルしています ..\..\..\addons\ofxGui\src\ofxButton.cpp)
c:\users\vantan\desktop\of_v0.9.7_vs_release\of_v0.9.7_vs_release\libs\openframeworks\types\ofColor.h : warning C4819: ファイルは、現在のコード ページ (932) で表示できない文字を含んでいます。データの損失を防ぐために、ファイルを Unicode 形式で保存してください。 (ソース ファイルをコンパイルしています ..\..\..\addons\ofxGui\src\ofxButton.cpp)
c:\users\vantan\desktop\of_v0.9.7_vs_release\of_v0.9.7_vs_release\libs\openframeworks\types\ofColor.h(778): warning C4819: ファイルは、現在のコード ページ (932) で表示できない文字を含んでいます。データの損失を防ぐために、ファイルを Unicode 形式で保存してください。 (ソース ファイルをコンパイルしています ..\..\..\addons\ofxGui\src\ofxButton.cpp)
c:\users\vantan\desktop\of_v0.9.7_vs_release\of_v0.9.7_vs_release\libs\openframeworks\utils\ofLog.h : warning C4819: ファイルは、現在のコード ページ (932) で表示できない文字を含んでいます。データの損失を防ぐために、ファイルを Unicode 形式で保存してください。 (ソース ファイルをコンパイルしています ..\..\..\addons\ofxGui\src\ofxButton.cpp)
C:\Users\vantan\Desktop\of_v0.9.7_vs_release\of_v0.9.7_vs_release\libs\openFrameworks\3d\ofMesh.h : warning C4819: ファイルは、現在のコード ページ (932) で表示できない文字を含んでいます。データの損失を防ぐために、ファイルを Unicode 形式で保存してください。 (ソース ファイルをコンパイルしています ..\..\..\addons\ofxGui\src\ofxToggle.cpp)
C:\Users\vantan\Desktop\of_v0.9.7_vs_release\of_v0.9.7_vs_release\libs\openFrameworks\3d\ofMesh.h : warning C4819: ファイルは、現在のコード ページ (932) で表示できない文字を含んでいます。データの損失を防ぐために、ファイルを Unicode 形式で保存してください。 (ソース ファイルをコンパイルしています ..\..\..\addons\ofxGui\src\ofxSliderGroup.cpp)
c:\users\vantan\desktop\of_v0.9.7_vs_release\of_v0.9.7_vs_release\libs\openframeworks\graphics\ofPath.h : warning C4819: ファイルは、現在のコード ページ (932) で表示できない文字を含んでいます。データの損失を防ぐために、ファイルを Unicode 形式で保存してください。 (ソース ファイルをコンパイルしています ..\..\..\addons\ofxGui\src\ofxToggle.cpp)
c:\users\vantan\desktop\of_v0.9.7_vs_release\of_v0.9.7_vs_release\libs\openframeworks\graphics\ofPolyline.h : warning C4819: ファイルは、現在のコード ページ (932) で表示できない文字を含んでいます。データの損失を防ぐために、ファイルを Unicode 形式で保存してください。 (ソース ファイルをコンパイルしています ..\..\..\addons\ofxGui\src\ofxToggle.cpp)
C:\Users\vantan\Desktop\of_v0.9.7_vs_release\of_v0.9.7_vs_release\libs\openFrameworks\3d\ofMesh.h : warning C4819: ファイルは、現在のコード ページ (932) で表示できない文字を含んでいます。データの損失を防ぐために、ファイルを Unicode 形式で保存してください。 (ソース ファイルをコンパイルしています ..\..\..\addons\ofxGui\src\ofxButton.cpp)
c:\users\vantan\desktop\of_v0.9.7_vs_release\of_v0.9.7_vs_release\libs\openframeworks\graphics\ofPath.h : warning C4819: ファイルは、現在のコード ページ (932) で表示できない文字を含んでいます。データの損失を防ぐために、ファイルを Unicode 形式で保存してください。 (ソース ファイルをコンパイルしています ..\..\..\addons\ofxGui\src\ofxButton.cpp)
c:\users\vantan\desktop\of_v0.9.7_vs_release\of_v0.9.7_vs_release\libs\openframeworks\graphics\ofPolyline.h : warning C4819: ファイルは、現在のコード ページ (932) で表示できない文字を含んでいます。データの損失を防ぐために、ファイルを Unicode 形式で保存してください。 (ソース ファイルをコンパイルしています ..\..\..\addons\ofxGui\src\ofxButton.cpp)
c:\users\vantan\desktop\of_v0.9.7_vs_release\of_v0.9.7_vs_release\libs\openframeworks\graphics\ofPath.h : warning C4819: ファイルは、現在のコード ページ (932) で表示できない文字を含んでいます。データの損失を防ぐために、ファイルを Unicode 形式で保存してください。 (ソース ファイルをコンパイルしています ..\..\..\addons\ofxGui\src\ofxSliderGroup.cpp)
c:\users\vantan\desktop\of_v0.9.7_vs_release\of_v0.9.7_vs_release\libs\openframeworks\graphics\ofPolyline.h : warning C4819: ファイルは、現在のコード ページ (932) で表示できない文字を含んでいます。データの損失を防ぐために、ファイルを Unicode 形式で保存してください。 (ソース ファイルをコンパイルしています ..\..\..\addons\ofxGui\src\ofxSliderGroup.cpp)
  ofxBaseGui.cpp
  ofxPanel.cpp
c:\users\vantan\desktop\of_v0.9.7_vs_release\of_v0.9.7_vs_release\libs\openframeworks\types\ofTypes.h : warning C4819: ファイルは、現在のコード ページ (932) で表示できない文字を含んでいます。データの損失を防ぐために、ファイルを Unicode 形式で保存してください。 (ソース ファイルをコンパイルしています ..\..\..\addons\ofxGui\src\ofxBaseGui.cpp)
c:\users\vantan\desktop\of_v0.9.7_vs_release\of_v0.9.7_vs_release\libs\openframeworks\types\ofColor.h : warning C4819: ファイルは、現在のコード ページ (932) で表示できない文字を含んでいます。データの損失を防ぐために、ファイルを Unicode 形式で保存してください。 (ソース ファイルをコンパイルしています ..\..\..\addons\ofxGui\src\ofxBaseGui.cpp)
c:\users\vantan\desktop\of_v0.9.7_vs_release\of_v0.9.7_vs_release\libs\openframeworks\math\ofVec3f.h : warning C4819: ファイルは、現在のコード ページ (932) で表示できない文字を含んでいます。データの損失を防ぐために、ファイルを Unicode 形式で保存してください。 (ソース ファイルをコンパイルしています ..\..\..\addons\ofxGui\src\ofxBaseGui.cpp)
c:\users\vantan\desktop\of_v0.9.7_vs_release\of_v0.9.7_vs_release\libs\openframeworks\math\ofVec2f.h : warning C4819: ファイルは、現在のコード ページ (932) で表示できない文字を含んでいます。データの損失を防ぐために、ファイルを Unicode 形式で保存してください。 (ソース ファイルをコンパイルしています ..\..\..\addons\ofxGui\src\ofxBaseGui.cpp)
c:\users\vantan\desktop\of_v0.9.7_vs_release\of_v0.9.7_vs_release\libs\openframeworks\types\ofColor.h(778): warning C4819: ファイルは、現在のコード ページ (932) で表示できない文字を含んでいます。データの損失を防ぐために、ファイルを Unicode 形式で保存してください。 (ソース ファイルをコンパイルしています ..\..\..\addons\ofxGui\src\ofxBaseGui.cpp)
C:\Users\vantan\Desktop\of_v0.9.7_vs_release\of_v0.9.7_vs_release\libs\openFrameworks\utils\ofLog.h : warning C4819: ファイルは、現在のコード ページ (932) で表示できない文字を含んでいます。データの損失を防ぐために、ファイルを Unicode 形式で保存してください。 (ソース ファイルをコンパイルしています ..\..\..\addons\ofxGui\src\ofxBaseGui.cpp)
c:\users\vantan\desktop\of_v0.9.7_vs_release\of_v0.9.7_vs_release\libs\openframeworks\types\ofTypes.h : warning C4819: ファイルは、現在のコード ページ (932) で表示できない文字を含んでいます。データの損失を防ぐために、ファイルを Unicode 形式で保存してください。 (ソース ファイルをコンパイルしています ..\..\..\addons\ofxGui\src\ofxPanel.cpp)
c:\users\vantan\desktop\of_v0.9.7_vs_release\of_v0.9.7_vs_release\libs\openframeworks\types\ofColor.h : warning C4819: ファイルは、現在のコード ページ (932) で表示できない文字を含んでいます。データの損失を防ぐために、ファイルを Unicode 形式で保存してください。 (ソース ファイルをコンパイルしています ..\..\..\addons\ofxGui\src\ofxPanel.cpp)
c:\users\vantan\desktop\of_v0.9.7_vs_release\of_v0.9.7_vs_release\libs\openframeworks\math\ofVec3f.h : warning C4819: ファイルは、現在のコード ページ (932) で表示できない文字を含んでいます。データの損失を防ぐために、ファイルを Unicode 形式で保存してください。 (ソース ファイルをコンパイルしています ..\..\..\addons\ofxGui\src\ofxPanel.cpp)
c:\users\vantan\desktop\of_v0.9.7_vs_release\of_v0.9.7_vs_release\libs\openframeworks\math\ofVec2f.h : warning C4819: ファイルは、現在のコード ページ (932) で表示できない文字を含んでいます。データの損失を防ぐために、ファイルを Unicode 形式で保存してください。 (ソース ファイルをコンパイルしています ..\..\..\addons\ofxGui\src\ofxPanel.cpp)
c:\users\vantan\desktop\of_v0.9.7_vs_release\of_v0.9.7_vs_release\libs\openframeworks\types\ofColor.h(778): warning C4819: ファイルは、現在のコード ページ (932) で表示できない文字を含んでいます。データの損失を防ぐために、ファイルを Unicode 形式で保存してください。 (ソース ファイルをコンパイルしています ..\..\..\addons\ofxGui\src\ofxPanel.cpp)
C:\Users\vantan\Desktop\of_v0.9.7_vs_release\of_v0.9.7_vs_release\libs\openFrameworks\utils\ofLog.h : warning C4819: ファイルは、現在のコード ページ (932) で表示できない文字を含んでいます。データの損失を防ぐために、ファイルを Unicode 形式で保存してください。 (ソース ファイルをコンパイルしています ..\..\..\addons\ofxGui\src\ofxPanel.cpp)
C:\Users\vantan\Desktop\of_v0.9.7_vs_release\of_v0.9.7_vs_release\libs\openFrameworks\3d\ofMesh.h : warning C4819: ファイルは、現在のコード ページ (932) で表示できない文字を含んでいます。データの損失を防ぐために、ファイルを Unicode 形式で保存してください。 (ソース ファイルをコンパイルしています ..\..\..\addons\ofxGui\src\ofxBaseGui.cpp)
C:\Users\vantan\Desktop\of_v0.9.7_vs_release\of_v0.9.7_vs_release\libs\openFrameworks\3d\ofMesh.h : warning C4819: ファイルは、現在のコード ページ (932) で表示できない文字を含んでいます。データの損失を防ぐために、ファイルを Unicode 形式で保存してください。 (ソース ファイルをコンパイルしています ..\..\..\addons\ofxGui\src\ofxPanel.cpp)
c:\users\vantan\desktop\of_v0.9.7_vs_release\of_v0.9.7_vs_release\libs\openframeworks\graphics\ofPath.h : warning C4819: ファイルは、現在のコード ページ (932) で表示できない文字を含んでいます。データの損失を防ぐために、ファイルを Unicode 形式で保存してください。 (ソース ファイルをコンパイルしています ..\..\..\addons\ofxGui\src\ofxBaseGui.cpp)
c:\users\vantan\desktop\of_v0.9.7_vs_release\of_v0.9.7_vs_release\libs\openframeworks\graphics\ofPolyline.h : warning C4819: ファイルは、現在のコード ページ (932) で表示できない文字を含んでいます。データの損失を防ぐために、ファイルを Unicode 形式で保存してください。 (ソース ファイルをコンパイルしています ..\..\..\addons\ofxGui\src\ofxBaseGui.cpp)
c:\users\vantan\desktop\of_v0.9.7_vs_release\of_v0.9.7_vs_release\libs\openframeworks\graphics\ofPath.h : warning C4819: ファイルは、現在のコード ページ (932) で表示できない文字を含んでいます。データの損失を防ぐために、ファイルを Unicode 形式で保存してください。 (ソース ファイルをコンパイルしています ..\..\..\addons\ofxGui\src\ofxPanel.cpp)
c:\users\vantan\desktop\of_v0.9.7_vs_release\of_v0.9.7_vs_release\libs\openframeworks\graphics\ofPolyline.h : warning C4819: ファイルは、現在のコード ページ (932) で表示できない文字を含んでいます。データの損失を防ぐために、ファイルを Unicode 形式で保存してください。 (ソース ファイルをコンパイルしています ..\..\..\addons\ofxGui\src\ofxPanel.cpp)
     ライブラリ bin\guiFromParametersExample_debug.lib とオブジェクト bin\guiFromParametersExample_debug.exp を作成中
  guiFromParametersExample.vcxproj -> C:\Users\vantan\Desktop\of_v0.9.7_vs_release\of_v0.9.7_vs_release\examples\gui\guiFromParametersExample\bin\guiFromParametersExample_debug.exe
  
  	                   9	C:\Users\vantan\Desktop\of_v0.9.7_vs_release\of_v0.9.7_vs_release\export\vs\Win32\
  	    New File  		 2939392	C:\Users\vantan\Desktop\of_v0.9.7_vs_release\of_v0.9.7_vs_release\export\vs\Win32\assimp.dll
  	    New File  		 1266176	C:\Users\vantan\Desktop\of_v0.9.7_vs_release\of_v0.9.7_vs_release\export\vs\Win32\fmodex.dll
  	    New File  		 1312768	C:\Users\vantan\Desktop\of_v0.9.7_vs_release\of_v0.9.7_vs_release\export\vs\Win32\fmodexL.dll
  	    New File  		 5647872	C:\Users\vantan\Desktop\of_v0.9.7_vs_release\of_v0.9.7_vs_release\export\vs\Win32\FreeImage.dll
  	    New File  		  580608	C:\Users\vantan\Desktop\of_v0.9.7_vs_release\of_v0.9.7_vs_release\export\vs\Win32\freetype.dll
  	    New File  		  237568	C:\Users\vantan\Desktop\of_v0.9.7_vs_release\of_v0.9.7_vs_release\export\vs\Win32\glut32.dll
  	    New File  		 1178624	C:\Users\vantan\Desktop\of_v0.9.7_vs_release\of_v0.9.7_vs_release\export\vs\Win32\libeay32.dll
  	    New File  		  269824	C:\Users\vantan\Desktop\of_v0.9.7_vs_release\of_v0.9.7_vs_release\export\vs\Win32\ssleay32.dll
  	    New File  		   69632	C:\Users\vantan\Desktop\of_v0.9.7_vs_release\of_v0.9.7_vs_release\export\vs\Win32\Zlib.dll
