  Timer.cpp
  main.cpp
  ofApp.cpp
C:\Users\vantan\Desktop\of_v0.9.7_vs_release\of_v0.9.7_vs_release\libs\openFrameworks\utils\ofLog.h : warning C4819: ファイルは、現在のコード ページ (932) で表示できない文字を含んでいます。データの損失を防ぐために、ファイルを Unicode 形式で保存してください。 (ソース ファイルをコンパイルしています src\main.cpp)
C:\Users\vantan\Desktop\of_v0.9.7_vs_release\of_v0.9.7_vs_release\libs\openFrameworks\utils\ofLog.h : warning C4819: ファイルは、現在のコード ページ (932) で表示できない文字を含んでいます。データの損失を防ぐために、ファイルを Unicode 形式で保存してください。 (ソース ファイルをコンパイルしています src\ofApp.cpp)
C:\Users\vantan\Desktop\of_v0.9.7_vs_release\of_v0.9.7_vs_release\libs\openFrameworks\utils\ofLog.h : warning C4819: ファイルは、現在のコード ページ (932) で表示できない文字を含んでいます。データの損失を防ぐために、ファイルを Unicode 形式で保存してください。 (ソース ファイルをコンパイルしています src\Timer.cpp)
C:\Users\vantan\Desktop\of_v0.9.7_vs_release\of_v0.9.7_vs_release\libs\openFrameworks\types\ofTypes.h : warning C4819: ファイルは、現在のコード ページ (932) で表示できない文字を含んでいます。データの損失を防ぐために、ファイルを Unicode 形式で保存してください。 (ソース ファイルをコンパイルしています src\main.cpp)
C:\Users\vantan\Desktop\of_v0.9.7_vs_release\of_v0.9.7_vs_release\libs\openFrameworks\types\ofTypes.h : warning C4819: ファイルは、現在のコード ページ (932) で表示できない文字を含んでいます。データの損失を防ぐために、ファイルを Unicode 形式で保存してください。 (ソース ファイルをコンパイルしています src\ofApp.cpp)
C:\Users\vantan\Desktop\of_v0.9.7_vs_release\of_v0.9.7_vs_release\libs\openFrameworks\types\ofTypes.h : warning C4819: ファイルは、現在のコード ページ (932) で表示できない文字を含んでいます。データの損失を防ぐために、ファイルを Unicode 形式で保存してください。 (ソース ファイルをコンパイルしています src\Timer.cpp)
c:\users\vantan\desktop\of_v0.9.7_vs_release\of_v0.9.7_vs_release\libs\openframeworks\types\ofColor.h : warning C4819: ファイルは、現在のコード ページ (932) で表示できない文字を含んでいます。データの損失を防ぐために、ファイルを Unicode 形式で保存してください。 (ソース ファイルをコンパイルしています src\main.cpp)
c:\users\vantan\desktop\of_v0.9.7_vs_release\of_v0.9.7_vs_release\libs\openframeworks\types\ofColor.h : warning C4819: ファイルは、現在のコード ページ (932) で表示できない文字を含んでいます。データの損失を防ぐために、ファイルを Unicode 形式で保存してください。 (ソース ファイルをコンパイルしています src\ofApp.cpp)
c:\users\vantan\desktop\of_v0.9.7_vs_release\of_v0.9.7_vs_release\libs\openframeworks\types\ofColor.h : warning C4819: ファイルは、現在のコード ページ (932) で表示できない文字を含んでいます。データの損失を防ぐために、ファイルを Unicode 形式で保存してください。 (ソース ファイルをコンパイルしています src\Timer.cpp)
c:\users\vantan\desktop\of_v0.9.7_vs_release\of_v0.9.7_vs_release\libs\openframeworks\math\ofVec3f.h : warning C4819: ファイルは、現在のコード ページ (932) で表示できない文字を含んでいます。データの損失を防ぐために、ファイルを Unicode 形式で保存してください。 (ソース ファイルをコンパイルしています src\ofApp.cpp)
c:\users\vantan\desktop\of_v0.9.7_vs_release\of_v0.9.7_vs_release\libs\openframeworks\math\ofVec3f.h : warning C4819: ファイルは、現在のコード ページ (932) で表示できない文字を含んでいます。データの損失を防ぐために、ファイルを Unicode 形式で保存してください。 (ソース ファイルをコンパイルしています src\main.cpp)
c:\users\vantan\desktop\of_v0.9.7_vs_release\of_v0.9.7_vs_release\libs\openframeworks\math\ofVec3f.h : warning C4819: ファイルは、現在のコード ページ (932) で表示できない文字を含んでいます。データの損失を防ぐために、ファイルを Unicode 形式で保存してください。 (ソース ファイルをコンパイルしています src\Timer.cpp)
c:\users\vantan\desktop\of_v0.9.7_vs_release\of_v0.9.7_vs_release\libs\openframeworks\math\ofVec2f.h : warning C4819: ファイルは、現在のコード ページ (932) で表示できない文字を含んでいます。データの損失を防ぐために、ファイルを Unicode 形式で保存してください。 (ソース ファイルをコンパイルしています src\ofApp.cpp)
c:\users\vantan\desktop\of_v0.9.7_vs_release\of_v0.9.7_vs_release\libs\openframeworks\math\ofVec2f.h : warning C4819: ファイルは、現在のコード ページ (932) で表示できない文字を含んでいます。データの損失を防ぐために、ファイルを Unicode 形式で保存してください。 (ソース ファイルをコンパイルしています src\main.cpp)
c:\users\vantan\desktop\of_v0.9.7_vs_release\of_v0.9.7_vs_release\libs\openframeworks\math\ofVec2f.h : warning C4819: ファイルは、現在のコード ページ (932) で表示できない文字を含んでいます。データの損失を防ぐために、ファイルを Unicode 形式で保存してください。 (ソース ファイルをコンパイルしています src\Timer.cpp)
c:\users\vantan\desktop\of_v0.9.7_vs_release\of_v0.9.7_vs_release\libs\openframeworks\types\ofColor.h(778): warning C4819: ファイルは、現在のコード ページ (932) で表示できない文字を含んでいます。データの損失を防ぐために、ファイルを Unicode 形式で保存してください。 (ソース ファイルをコンパイルしています src\main.cpp)
c:\users\vantan\desktop\of_v0.9.7_vs_release\of_v0.9.7_vs_release\libs\openframeworks\types\ofColor.h(778): warning C4819: ファイルは、現在のコード ページ (932) で表示できない文字を含んでいます。データの損失を防ぐために、ファイルを Unicode 形式で保存してください。 (ソース ファイルをコンパイルしています src\Timer.cpp)
c:\users\vantan\desktop\of_v0.9.7_vs_release\of_v0.9.7_vs_release\libs\openframeworks\types\ofColor.h(778): warning C4819: ファイルは、現在のコード ページ (932) で表示できない文字を含んでいます。データの損失を防ぐために、ファイルを Unicode 形式で保存してください。 (ソース ファイルをコンパイルしています src\ofApp.cpp)
C:\Users\vantan\Desktop\of_v0.9.7_vs_release\of_v0.9.7_vs_release\libs\openFrameworks\3d\ofMesh.h : warning C4819: ファイルは、現在のコード ページ (932) で表示できない文字を含んでいます。データの損失を防ぐために、ファイルを Unicode 形式で保存してください。 (ソース ファイルをコンパイルしています src\ofApp.cpp)
C:\Users\vantan\Desktop\of_v0.9.7_vs_release\of_v0.9.7_vs_release\libs\openFrameworks\3d\ofMesh.h : warning C4819: ファイルは、現在のコード ページ (932) で表示できない文字を含んでいます。データの損失を防ぐために、ファイルを Unicode 形式で保存してください。 (ソース ファイルをコンパイルしています src\main.cpp)
C:\Users\vantan\Desktop\of_v0.9.7_vs_release\of_v0.9.7_vs_release\libs\openFrameworks\3d\ofMesh.h : warning C4819: ファイルは、現在のコード ページ (932) で表示できない文字を含んでいます。データの損失を防ぐために、ファイルを Unicode 形式で保存してください。 (ソース ファイルをコンパイルしています src\Timer.cpp)
C:\Users\vantan\Desktop\of_v0.9.7_vs_release\of_v0.9.7_vs_release\libs\openFrameworks\graphics\ofPolyline.h : warning C4819: ファイルは、現在のコード ページ (932) で表示できない文字を含んでいます。データの損失を防ぐために、ファイルを Unicode 形式で保存してください。 (ソース ファイルをコンパイルしています src\main.cpp)
C:\Users\vantan\Desktop\of_v0.9.7_vs_release\of_v0.9.7_vs_release\libs\openFrameworks\graphics\ofPolyline.h : warning C4819: ファイルは、現在のコード ページ (932) で表示できない文字を含んでいます。データの損失を防ぐために、ファイルを Unicode 形式で保存してください。 (ソース ファイルをコンパイルしています src\ofApp.cpp)
C:\Users\vantan\Desktop\of_v0.9.7_vs_release\of_v0.9.7_vs_release\libs\openFrameworks\graphics\ofPolyline.h : warning C4819: ファイルは、現在のコード ページ (932) で表示できない文字を含んでいます。データの損失を防ぐために、ファイルを Unicode 形式で保存してください。 (ソース ファイルをコンパイルしています src\Timer.cpp)
C:\Users\vantan\Desktop\of_v0.9.7_vs_release\of_v0.9.7_vs_release\libs\openFrameworks\graphics\ofPath.h : warning C4819: ファイルは、現在のコード ページ (932) で表示できない文字を含んでいます。データの損失を防ぐために、ファイルを Unicode 形式で保存してください。 (ソース ファイルをコンパイルしています src\main.cpp)
C:\Users\vantan\Desktop\of_v0.9.7_vs_release\of_v0.9.7_vs_release\libs\openFrameworks\graphics\ofPath.h : warning C4819: ファイルは、現在のコード ページ (932) で表示できない文字を含んでいます。データの損失を防ぐために、ファイルを Unicode 形式で保存してください。 (ソース ファイルをコンパイルしています src\ofApp.cpp)
C:\Users\vantan\Desktop\of_v0.9.7_vs_release\of_v0.9.7_vs_release\libs\openFrameworks\graphics\ofPath.h : warning C4819: ファイルは、現在のコード ページ (932) で表示できない文字を含んでいます。データの損失を防ぐために、ファイルを Unicode 形式で保存してください。 (ソース ファイルをコンパイルしています src\Timer.cpp)
C:\Users\vantan\Desktop\of_v0.9.7_vs_release\of_v0.9.7_vs_release\libs\openFrameworks\3d\ofCamera.h : warning C4819: ファイルは、現在のコード ページ (932) で表示できない文字を含んでいます。データの損失を防ぐために、ファイルを Unicode 形式で保存してください。 (ソース ファイルをコンパイルしています src\ofApp.cpp)
C:\Users\vantan\Desktop\of_v0.9.7_vs_release\of_v0.9.7_vs_release\libs\openFrameworks\3d\ofCamera.h : warning C4819: ファイルは、現在のコード ページ (932) で表示できない文字を含んでいます。データの損失を防ぐために、ファイルを Unicode 形式で保存してください。 (ソース ファイルをコンパイルしています src\main.cpp)
C:\Users\vantan\Desktop\of_v0.9.7_vs_release\of_v0.9.7_vs_release\libs\openFrameworks\3d\ofEasyCam.h : warning C4819: ファイルは、現在のコード ページ (932) で表示できない文字を含んでいます。データの損失を防ぐために、ファイルを Unicode 形式で保存してください。 (ソース ファイルをコンパイルしています src\ofApp.cpp)
C:\Users\vantan\Desktop\of_v0.9.7_vs_release\of_v0.9.7_vs_release\libs\openFrameworks\3d\ofEasyCam.h : warning C4819: ファイルは、現在のコード ページ (932) で表示できない文字を含んでいます。データの損失を防ぐために、ファイルを Unicode 形式で保存してください。 (ソース ファイルをコンパイルしています src\main.cpp)
C:\Users\vantan\Desktop\of_v0.9.7_vs_release\of_v0.9.7_vs_release\libs\openFrameworks\3d\ofCamera.h : warning C4819: ファイルは、現在のコード ページ (932) で表示できない文字を含んでいます。データの損失を防ぐために、ファイルを Unicode 形式で保存してください。 (ソース ファイルをコンパイルしています src\Timer.cpp)
C:\Users\vantan\Desktop\of_v0.9.7_vs_release\of_v0.9.7_vs_release\libs\openFrameworks\3d\ofEasyCam.h : warning C4819: ファイルは、現在のコード ページ (932) で表示できない文字を含んでいます。データの損失を防ぐために、ファイルを Unicode 形式で保存してください。 (ソース ファイルをコンパイルしています src\Timer.cpp)
     ライブラリ bin\TimeLimit_debug.lib とオブジェクト bin\TimeLimit_debug.exp を作成中
  TimeLimit.vcxproj -> C:\Users\vantan\Desktop\of_v0.9.7_vs_release\of_v0.9.7_vs_release\apps\TimeLimit\bin\TimeLimit_debug.exe
  
  	                   9	C:\Users\vantan\Desktop\of_v0.9.7_vs_release\of_v0.9.7_vs_release\export\vs\Win32\
